This is pdfTeX, Version 3.1415926-2.5-1.40.14 (TeX Live 2013/Debian) (format=pdflatex 2016.1.22)  13 JUN 2016 13:01
entering extended mode
 restricted \write18 enabled.
 %&-line parsing enabled.
**goals.tex
(./goals.tex
LaTeX2e <2011/06/27>
Babel <3.9h> and hyphenation patterns for 78 languages loaded.
(/usr/share/texlive/texmf-dist/tex/latex/base/article.cls
Document Class: article 2007/10/19 v1.4h Standard LaTeX document class
(/usr/share/texlive/texmf-dist/tex/latex/base/size10.clo
File: size10.clo 2007/10/19 v1.4h Standard LaTeX file (size option)
)
\c@part=\count79
\c@section=\count80
\c@subsection=\count81
\c@subsubsection=\count82
\c@paragraph=\count83
\c@subparagraph=\count84
\c@figure=\count85
\c@table=\count86
\abovecaptionskip=\skip41
\belowcaptionskip=\skip42
\bibindent=\dimen102
)
(/usr/share/texlive/texmf-dist/tex/latex/graphics/graphicx.sty
Package: graphicx 1999/02/16 v1.0f Enhanced LaTeX Graphics (DPC,SPQR)

(/usr/share/texlive/texmf-dist/tex/latex/graphics/keyval.sty
Package: keyval 1999/03/16 v1.13 key=value parser (DPC)
\KV@toks@=\toks14
)
(/usr/share/texlive/texmf-dist/tex/latex/graphics/graphics.sty
Package: graphics 2009/02/05 v1.0o Standard LaTeX Graphics (DPC,SPQR)

(/usr/share/texlive/texmf-dist/tex/latex/graphics/trig.sty
Package: trig 1999/03/16 v1.09 sin cos tan (DPC)
)
(/usr/share/texlive/texmf-dist/tex/latex/latexconfig/graphics.cfg
File: graphics.cfg 2010/04/23 v1.9 graphics configuration of TeX Live
)
Package graphics Info: Driver file: pdftex.def on input line 91.

(/usr/share/texlive/texmf-dist/tex/latex/pdftex-def/pdftex.def
File: pdftex.def 2011/05/27 v0.06d Graphics/color for pdfTeX

(/usr/share/texlive/texmf-dist/tex/generic/oberdiek/infwarerr.sty
Package: infwarerr 2010/04/08 v1.3 Providing info/warning/error messages (HO)
)
(/usr/share/texlive/texmf-dist/tex/generic/oberdiek/ltxcmds.sty
Package: ltxcmds 2011/11/09 v1.22 LaTeX kernel commands for general use (HO)
)
\Gread@gobject=\count87
))
\Gin@req@height=\dimen103
\Gin@req@width=\dimen104
)
(/usr/share/texlive/texmf-dist/tex/latex/amsmath/amsmath.sty
Package: amsmath 2013/01/14 v2.14 AMS math features
\@mathmargin=\skip43

For additional information on amsmath, use the `?' option.
(/usr/share/texlive/texmf-dist/tex/latex/amsmath/amstext.sty
Package: amstext 2000/06/29 v2.01

(/usr/share/texlive/texmf-dist/tex/latex/amsmath/amsgen.sty
File: amsgen.sty 1999/11/30 v2.0
\@emptytoks=\toks15
\ex@=\dimen105
))
(/usr/share/texlive/texmf-dist/tex/latex/amsmath/amsbsy.sty
Package: amsbsy 1999/11/29 v1.2d
\pmbraise@=\dimen106
)
(/usr/share/texlive/texmf-dist/tex/latex/amsmath/amsopn.sty
Package: amsopn 1999/12/14 v2.01 operator names
)
\inf@bad=\count88
LaTeX Info: Redefining \frac on input line 210.
\uproot@=\count89
\leftroot@=\count90
LaTeX Info: Redefining \overline on input line 306.
\classnum@=\count91
\DOTSCASE@=\count92
LaTeX Info: Redefining \ldots on input line 378.
LaTeX Info: Redefining \dots on input line 381.
LaTeX Info: Redefining \cdots on input line 466.
\Mathstrutbox@=\box26
\strutbox@=\box27
\big@size=\dimen107
LaTeX Font Info:    Redeclaring font encoding OML on input line 566.
LaTeX Font Info:    Redeclaring font encoding OMS on input line 567.
\macc@depth=\count93
\c@MaxMatrixCols=\count94
\dotsspace@=\muskip10
\c@parentequation=\count95
\dspbrk@lvl=\count96
\tag@help=\toks16
\row@=\count97
\column@=\count98
\maxfields@=\count99
\andhelp@=\toks17
\eqnshift@=\dimen108
\alignsep@=\dimen109
\tagshift@=\dimen110
\tagwidth@=\dimen111
\totwidth@=\dimen112
\lineht@=\dimen113
\@envbody=\toks18
\multlinegap=\skip44
\multlinetaggap=\skip45
\mathdisplay@stack=\toks19
LaTeX Info: Redefining \[ on input line 2665.
LaTeX Info: Redefining \] on input line 2666.
)
(/usr/share/texlive/texmf-dist/tex/latex/amsfonts/amssymb.sty
Package: amssymb 2013/01/14 v3.01 AMS font symbols

(/usr/share/texlive/texmf-dist/tex/latex/amsfonts/amsfonts.sty
Package: amsfonts 2013/01/14 v3.01 Basic AMSFonts support
\symAMSa=\mathgroup4
\symAMSb=\mathgroup5
LaTeX Font Info:    Overwriting math alphabet `\mathfrak' in version `bold'
(Font)                  U/euf/m/n --> U/euf/b/n on input line 106.
))
(/usr/share/texlive/texmf-dist/tex/latex/etoolbox/etoolbox.sty
Package: etoolbox 2011/01/03 v2.1 e-TeX tools for LaTeX

(/usr/share/texlive/texmf-dist/tex/latex/etex-pkg/etex.sty
Package: etex 1998/03/26 v2.0 eTeX basic definition package (PEB)
\et@xins=\count100
)
\etb@tempcnta=\count101
)
(/usr/share/texlive/texmf-dist/tex/latex/booktabs/booktabs.sty
Package: booktabs 2005/04/14 v1.61803 publication quality tables
\heavyrulewidth=\dimen114
\lightrulewidth=\dimen115
\cmidrulewidth=\dimen116
\belowrulesep=\dimen117
\belowbottomsep=\dimen118
\aboverulesep=\dimen119
\abovetopsep=\dimen120
\cmidrulesep=\dimen121
\cmidrulekern=\dimen122
\defaultaddspace=\dimen123
\@cmidla=\count102
\@cmidlb=\count103
\@aboverulesep=\dimen124
\@belowrulesep=\dimen125
\@thisruleclass=\count104
\@lastruleclass=\count105
\@thisrulewidth=\dimen126
)
(/usr/share/texlive/texmf-dist/tex/latex/float/float.sty
Package: float 2001/11/08 v1.3d Float enhancements (AL)
\c@float@type=\count106
\float@exts=\toks20
\float@box=\box28
\@float@everytoks=\toks21
\@floatcapt=\box29
)
(/usr/share/texlive/texmf-dist/tex/latex/geometry/geometry.sty
Package: geometry 2010/09/12 v5.6 Page Geometry

(/usr/share/texlive/texmf-dist/tex/generic/oberdiek/ifpdf.sty
Package: ifpdf 2011/01/30 v2.3 Provides the ifpdf switch (HO)
Package ifpdf Info: pdfTeX in PDF mode is detected.
)
(/usr/share/texlive/texmf-dist/tex/generic/oberdiek/ifvtex.sty
Package: ifvtex 2010/03/01 v1.5 Detect VTeX and its facilities (HO)
Package ifvtex Info: VTeX not detected.
)
(/usr/share/texlive/texmf-dist/tex/generic/ifxetex/ifxetex.sty
Package: ifxetex 2010/09/12 v0.6 Provides ifxetex conditional
)
\Gm@cnth=\count107
\Gm@cntv=\count108
\c@Gm@tempcnt=\count109
\Gm@bindingoffset=\dimen127
\Gm@wd@mp=\dimen128
\Gm@odd@mp=\dimen129
\Gm@even@mp=\dimen130
\Gm@layoutwidth=\dimen131
\Gm@layoutheight=\dimen132
\Gm@layouthoffset=\dimen133
\Gm@layoutvoffset=\dimen134
\Gm@dimlist=\toks22
) (./goals.aux)
\openout1 = `goals.aux'.

LaTeX Font Info:    Checking defaults for OML/cmm/m/it on input line 24.
LaTeX Font Info:    ... okay on input line 24.
LaTeX Font Info:    Checking defaults for T1/cmr/m/n on input line 24.
LaTeX Font Info:    ... okay on input line 24.
LaTeX Font Info:    Checking defaults for OT1/cmr/m/n on input line 24.
LaTeX Font Info:    ... okay on input line 24.
LaTeX Font Info:    Checking defaults for OMS/cmsy/m/n on input line 24.
LaTeX Font Info:    ... okay on input line 24.
LaTeX Font Info:    Checking defaults for OMX/cmex/m/n on input line 24.
LaTeX Font Info:    ... okay on input line 24.
LaTeX Font Info:    Checking defaults for U/cmr/m/n on input line 24.
LaTeX Font Info:    ... okay on input line 24.

(/usr/share/texlive/texmf-dist/tex/context/base/supp-pdf.mkii
[Loading MPS to PDF converter (version 2006.09.02).]
\scratchcounter=\count110
\scratchdimen=\dimen135
\scratchbox=\box30
\nofMPsegments=\count111
\nofMParguments=\count112
\everyMPshowfont=\toks23
\MPscratchCnt=\count113
\MPscratchDim=\dimen136
\MPnumerator=\count114
\makeMPintoPDFobject=\count115
\everyMPtoPDFconversion=\toks24
) (/usr/share/texlive/texmf-dist/tex/generic/oberdiek/pdftexcmds.sty
Package: pdftexcmds 2011/11/29 v0.20 Utility functions of pdfTeX for LuaTeX (HO
)

(/usr/share/texlive/texmf-dist/tex/generic/oberdiek/ifluatex.sty
Package: ifluatex 2010/03/01 v1.3 Provides the ifluatex switch (HO)
Package ifluatex Info: LuaTeX not detected.
)
Package pdftexcmds Info: LuaTeX not detected.
Package pdftexcmds Info: \pdf@primitive is available.
Package pdftexcmds Info: \pdf@ifprimitive is available.
Package pdftexcmds Info: \pdfdraftmode found.
)
(/usr/share/texlive/texmf-dist/tex/latex/oberdiek/epstopdf-base.sty
Package: epstopdf-base 2010/02/09 v2.5 Base part for package epstopdf

(/usr/share/texlive/texmf-dist/tex/latex/oberdiek/grfext.sty
Package: grfext 2010/08/19 v1.1 Manage graphics extensions (HO)

(/usr/share/texlive/texmf-dist/tex/generic/oberdiek/kvdefinekeys.sty
Package: kvdefinekeys 2011/04/07 v1.3 Define keys (HO)
))
(/usr/share/texlive/texmf-dist/tex/latex/oberdiek/kvoptions.sty
Package: kvoptions 2011/06/30 v3.11 Key value format for package options (HO)

(/usr/share/texlive/texmf-dist/tex/generic/oberdiek/kvsetkeys.sty
Package: kvsetkeys 2012/04/25 v1.16 Key value parser (HO)

(/usr/share/texlive/texmf-dist/tex/generic/oberdiek/etexcmds.sty
Package: etexcmds 2011/02/16 v1.5 Avoid name clashes with e-TeX commands (HO)
Package etexcmds Info: Could not find \expanded.
(etexcmds)             That can mean that you are not using pdfTeX 1.50 or
(etexcmds)             that some package has redefined \expanded.
(etexcmds)             In the latter case, load this package earlier.
)))
Package grfext Info: Graphics extension search list:
(grfext)             [.png,.pdf,.jpg,.mps,.jpeg,.jbig2,.jb2,.PNG,.PDF,.JPG,.JPE
G,.JBIG2,.JB2,.eps]
(grfext)             \AppendGraphicsExtensions on input line 452.

(/usr/share/texlive/texmf-dist/tex/latex/latexconfig/epstopdf-sys.cfg
File: epstopdf-sys.cfg 2010/07/13 v1.3 Configuration of (r)epstopdf for TeX Liv
e
))
*geometry* driver: auto-detecting
*geometry* detected driver: pdftex
*geometry* verbose mode - [ preamble ] result:
* driver: pdftex
* paper: <default>
* layout: <same size as paper>
* layoutoffset:(h,v)=(0.0pt,0.0pt)
* modes: 
* h-part:(L,W,R)=(36.135pt, 542.02501pt, 36.135pt)
* v-part:(T,H,B)=(36.135pt, 722.7pt, 36.135pt)
* \paperwidth=614.295pt
* \paperheight=794.96999pt
* \textwidth=542.02501pt
* \textheight=722.7pt
* \oddsidemargin=-36.135pt
* \evensidemargin=-36.135pt
* \topmargin=-73.135pt
* \headheight=12.0pt
* \headsep=25.0pt
* \topskip=10.0pt
* \footskip=30.0pt
* \marginparwidth=65.0pt
* \marginparsep=11.0pt
* \columnsep=10.0pt
* \skip\footins=9.0pt plus 4.0pt minus 2.0pt
* \hoffset=0.0pt
* \voffset=0.0pt
* \mag=1000
* \@twocolumnfalse
* \@twosidefalse
* \@mparswitchfalse
* \@reversemarginfalse
* (1in=72.27pt=25.4mm, 1cm=28.453pt)


Underfull \hbox (badness 10000) in paragraph at lines 26--32

 []

LaTeX Font Info:    Try loading font information for OMS+cmr on input line 47.
(/usr/share/texlive/texmf-dist/tex/latex/base/omscmr.fd
File: omscmr.fd 1999/05/25 v2.5h Standard LaTeX font definitions
)
LaTeX Font Info:    Font shape `OMS/cmr/m/n' in size <10> not available
(Font)              Font shape `OMS/cmsy/m/n' tried instead on input line 47.
LaTeX Font Info:    Try loading font information for U+msa on input line 56.

(/usr/share/texlive/texmf-dist/tex/latex/amsfonts/umsa.fd
File: umsa.fd 2013/01/14 v3.01 AMS symbols A
)
LaTeX Font Info:    Try loading font information for U+msb on input line 56.

(/usr/share/texlive/texmf-dist/tex/latex/amsfonts/umsb.fd
File: umsb.fd 2013/01/14 v3.01 AMS symbols B
) [1

{/var/lib/texmf/fonts/map/pdftex/updmap/pdftex.map}]
Underfull \hbox (badness 10000) in paragraph at lines 109--110

 []

[2]
Package epstopdf Info: Source file: <plots/light_data.eps>
(epstopdf)                    date: 2016-06-13 03:15:19
(epstopdf)                    size: 250782 bytes
(epstopdf)             Output file: <plots/light_data-eps-converted-to.pdf>
(epstopdf)                    date: 2016-06-13 03:15:22
(epstopdf)                    size: 57234 bytes
(epstopdf)             Command: <repstopdf --outfile=plots/light_data-eps-conve
rted-to.pdf plots/light_data.eps>
(epstopdf)             \includegraphics on input line 160.
Package epstopdf Info: Output file is already uptodate.
 <plots/light_data-eps-converted-to.pdf, id=18, 1156.32pt x 433.62pt>
File: plots/light_data-eps-converted-to.pdf Graphic file (type pdf)

<use plots/light_data-eps-converted-to.pdf>
Package pdftex.def Info: plots/light_data-eps-converted-to.pdf used on input li
ne 160.
(pdftex.def)             Requested size: 542.02501pt x 203.25887pt.
Package epstopdf Info: Source file: <plots/light_data_log.eps>
(epstopdf)                    date: 2016-06-13 03:15:19
(epstopdf)                    size: 344394 bytes
(epstopdf)             Output file: <plots/light_data_log-eps-converted-to.pdf>

(epstopdf)                    date: 2016-06-13 03:15:23
(epstopdf)                    size: 70473 bytes
(epstopdf)             Command: <repstopdf --outfile=plots/light_data_log-eps-c
onverted-to.pdf plots/light_data_log.eps>
(epstopdf)             \includegraphics on input line 166.
Package epstopdf Info: Output file is already uptodate.

<plots/light_data_log-eps-converted-to.pdf, id=19, 1156.32pt x 433.62pt>
File: plots/light_data_log-eps-converted-to.pdf Graphic file (type pdf)

<use plots/light_data_log-eps-converted-to.pdf>
Package pdftex.def Info: plots/light_data_log-eps-converted-to.pdf used on inpu
t line 166.
(pdftex.def)             Requested size: 542.02501pt x 203.25887pt.
 [3 <./plots/light_data-eps-converted-to.pdf> <./plots/light_data_log-eps-conve
rted-to.pdf>]
Package epstopdf Info: Source file: <plots/time_k.eps>
(epstopdf)                    date: 2016-06-13 03:15:19
(epstopdf)                    size: 68407 bytes
(epstopdf)             Output file: <plots/time_k-eps-converted-to.pdf>
(epstopdf)                    date: 2016-06-13 03:15:23
(epstopdf)                    size: 27328 bytes
(epstopdf)             Command: <repstopdf --outfile=plots/time_k-eps-converted
-to.pdf plots/time_k.eps>
(epstopdf)             \includegraphics on input line 176.
Package epstopdf Info: Output file is already uptodate.

<plots/time_k-eps-converted-to.pdf, id=86, 505.89pt x 216.81pt>
File: plots/time_k-eps-converted-to.pdf Graphic file (type pdf)

<use plots/time_k-eps-converted-to.pdf>
Package pdftex.def Info: plots/time_k-eps-converted-to.pdf used on input line 1
76.
(pdftex.def)             Requested size: 505.89pt x 216.81276pt.
Package epstopdf Info: Source file: <plots/time_I0.eps>
(epstopdf)                    date: 2016-06-13 03:15:19
(epstopdf)                    size: 59419 bytes
(epstopdf)             Output file: <plots/time_I0-eps-converted-to.pdf>
(epstopdf)                    date: 2016-06-13 03:15:24
(epstopdf)                    size: 25513 bytes
(epstopdf)             Command: <repstopdf --outfile=plots/time_I0-eps-converte
d-to.pdf plots/time_I0.eps>
(epstopdf)             \includegraphics on input line 183.
Package epstopdf Info: Output file is already uptodate.

<plots/time_I0-eps-converted-to.pdf, id=87, 505.89pt x 216.81pt>
File: plots/time_I0-eps-converted-to.pdf Graphic file (type pdf)

<use plots/time_I0-eps-converted-to.pdf>
Package pdftex.def Info: plots/time_I0-eps-converted-to.pdf used on input line 
183.
(pdftex.def)             Requested size: 505.89pt x 216.81276pt.
Package epstopdf Info: Source file: <plots/time_residuals.eps>
(epstopdf)                    date: 2016-06-13 03:15:19
(epstopdf)                    size: 47633 bytes
(epstopdf)             Output file: <plots/time_residuals-eps-converted-to.pdf>

(epstopdf)                    date: 2016-06-13 03:15:24
(epstopdf)                    size: 23392 bytes
(epstopdf)             Command: <repstopdf --outfile=plots/time_residuals-eps-c
onverted-to.pdf plots/time_residuals.eps>
(epstopdf)             \includegraphics on input line 190.
Package epstopdf Info: Output file is already uptodate.

<plots/time_residuals-eps-converted-to.pdf, id=88, 505.89pt x 216.81pt>
File: plots/time_residuals-eps-converted-to.pdf Graphic file (type pdf)

<use plots/time_residuals-eps-converted-to.pdf>
Package pdftex.def Info: plots/time_residuals-eps-converted-to.pdf used on inpu
t line 190.
(pdftex.def)             Requested size: 505.89pt x 216.81276pt.
 [4 <./plots/time_k-eps-converted-to.pdf> <./plots/time_I0-eps-converted-to.pdf
>]
Package epstopdf Info: Source file: <plots/dist_k.eps>
(epstopdf)                    date: 2016-06-13 03:15:19
(epstopdf)                    size: 45027 bytes
(epstopdf)             Output file: <plots/dist_k-eps-converted-to.pdf>
(epstopdf)                    date: 2016-06-13 03:15:24
(epstopdf)                    size: 18956 bytes
(epstopdf)             Command: <repstopdf --outfile=plots/dist_k-eps-converted
-to.pdf plots/dist_k.eps>
(epstopdf)             \includegraphics on input line 200.
Package epstopdf Info: Output file is already uptodate.

<plots/dist_k-eps-converted-to.pdf, id=153, 505.89pt x 216.81pt>
File: plots/dist_k-eps-converted-to.pdf Graphic file (type pdf)

<use plots/dist_k-eps-converted-to.pdf>
Package pdftex.def Info: plots/dist_k-eps-converted-to.pdf used on input line 2
00.
(pdftex.def)             Requested size: 505.89pt x 216.81276pt.
Package epstopdf Info: Source file: <plots/k_I0.eps>
(epstopdf)                    date: 2016-06-13 03:15:19
(epstopdf)                    size: 67053 bytes
(epstopdf)             Output file: <plots/k_I0-eps-converted-to.pdf>
(epstopdf)                    date: 2016-06-13 12:54:08
(epstopdf)                    size: 250687 bytes
(epstopdf)             Command: <repstopdf --outfile=plots/k_I0-eps-converted-t
o.pdf plots/k_I0.eps>
(epstopdf)             \includegraphics on input line 210.
Package epstopdf Info: Output file is already uptodate.

<plots/k_I0-eps-converted-to.pdf, id=154, 578.16pt x 433.62pt>
File: plots/k_I0-eps-converted-to.pdf Graphic file (type pdf)

<use plots/k_I0-eps-converted-to.pdf>
Package pdftex.def Info: plots/k_I0-eps-converted-to.pdf used on input line 210
.
(pdftex.def)             Requested size: 542.02501pt x 406.5376pt.
 [5 <./plots/time_residuals-eps-converted-to.pdf> <./plots/dist_k-eps-converted
-to.pdf>]
Package epstopdf Info: Source file: <plots/joint_control.eps>
(epstopdf)                    date: 2016-06-13 03:15:19
(epstopdf)                    size: 51620 bytes
(epstopdf)             Output file: <plots/joint_control-eps-converted-to.pdf>
(epstopdf)                    date: 2016-06-13 03:15:26
(epstopdf)                    size: 18280 bytes
(epstopdf)             Command: <repstopdf --outfile=plots/joint_control-eps-co
nverted-to.pdf plots/joint_control.eps>
(epstopdf)             \includegraphics on input line 216.
Package epstopdf Info: Output file is already uptodate.

<plots/joint_control-eps-converted-to.pdf, id=222, 433.62pt x 433.62pt>
File: plots/joint_control-eps-converted-to.pdf Graphic file (type pdf)

<use plots/joint_control-eps-converted-to.pdf>
Package pdftex.def Info: plots/joint_control-eps-converted-to.pdf used on input
 line 216.
(pdftex.def)             Requested size: 542.02501pt x 542.08983pt.
 [6 <./plots/k_I0-eps-converted-to.pdf>]
Package epstopdf Info: Source file: <plots/joint_1_kelp.eps>
(epstopdf)                    date: 2016-06-13 03:15:19
(epstopdf)                    size: 48761 bytes
(epstopdf)             Output file: <plots/joint_1_kelp-eps-converted-to.pdf>
(epstopdf)                    date: 2016-06-13 03:15:26
(epstopdf)                    size: 15777 bytes
(epstopdf)             Command: <repstopdf --outfile=plots/joint_1_kelp-eps-con
verted-to.pdf plots/joint_1_kelp.eps>
(epstopdf)             \includegraphics on input line 223.
Package epstopdf Info: Output file is already uptodate.
 <plots/joint_1_kelp-eps-converted-to.pdf, id=260, 433.62pt x 433.62pt>
File: plots/joint_1_kelp-eps-converted-to.pdf Graphic file (type pdf)

<use plots/joint_1_kelp-eps-converted-to.pdf>
Package pdftex.def Info: plots/joint_1_kelp-eps-converted-to.pdf used on input 
line 223.
(pdftex.def)             Requested size: 542.02501pt x 542.08983pt.
 [7 <./plots/joint_control-eps-converted-to.pdf>]
Package epstopdf Info: Source file: <plots/joint_2_kelp.eps>
(epstopdf)                    date: 2016-06-13 03:15:19
(epstopdf)                    size: 55290 bytes
(epstopdf)             Output file: <plots/joint_2_kelp-eps-converted-to.pdf>
(epstopdf)                    date: 2016-06-13 03:15:26
(epstopdf)                    size: 19643 bytes
(epstopdf)             Command: <repstopdf --outfile=plots/joint_2_kelp-eps-con
verted-to.pdf plots/joint_2_kelp.eps>
(epstopdf)             \includegraphics on input line 230.
Package epstopdf Info: Output file is already uptodate.

<plots/joint_2_kelp-eps-converted-to.pdf, id=292, 433.62pt x 433.62pt>
File: plots/joint_2_kelp-eps-converted-to.pdf Graphic file (type pdf)

<use plots/joint_2_kelp-eps-converted-to.pdf>
Package pdftex.def Info: plots/joint_2_kelp-eps-converted-to.pdf used on input 
line 230.
(pdftex.def)             Requested size: 542.02501pt x 542.08983pt.
 [8 <./plots/joint_1_kelp-eps-converted-to.pdf>] [9 <./plots/joint_2_kelp-eps-c
onverted-to.pdf>] [10]
(./goals.aux) ) 
Here is how much of TeX's memory you used:
 3390 strings out of 493304
 45861 string characters out of 6139871
 119431 words of memory out of 5000000
 6791 multiletter control sequences out of 15000+600000
 6857 words of font info for 27 fonts, out of 8000000 for 9000
 957 hyphenation exceptions out of 8191
 38i,8n,26p,1188b,221s stack positions out of 5000i,500n,10000p,200000b,80000s
</usr/share/texlive/texmf-dist/fonts/type1/public/amsfonts/cm/cm
bx10.pfb></usr/share/texlive/texmf-dist/fonts/type1/public/amsfonts/cm/cmbx12.p
fb></usr/share/texlive/texmf-dist/fonts/type1/public/amsfonts/cm/cmex10.pfb></u
sr/share/texlive/texmf-dist/fonts/type1/public/amsfonts/cm/cmmi10.pfb></usr/sha
re/texlive/texmf-dist/fonts/type1/public/amsfonts/cm/cmmi7.pfb></usr/share/texl
ive/texmf-dist/fonts/type1/public/amsfonts/cm/cmr10.pfb></usr/share/texlive/tex
mf-dist/fonts/type1/public/amsfonts/cm/cmr7.pfb></usr/share/texlive/texmf-dist/
fonts/type1/public/amsfonts/cm/cmsy10.pfb></usr/share/texlive/texmf-dist/fonts/
type1/public/amsfonts/cm/cmsy7.pfb>
Output written on goals.pdf (10 pages, 606930 bytes).
PDF statistics:
 386 PDF objects out of 1000 (max. 8388607)
 111 compressed objects within 2 object streams
 0 named destinations out of 1000 (max. 500000)
 51 words of extra memory for PDF output out of 10000 (max. 10000000)

